<?xml version="1.0" encoding="utf-8"?><testsuites name="pytest tests"><testsuite name="pytest" errors="0" failures="0" skipped="0" tests="23" time="8.105" timestamp="2026-01-21T02:56:24.711792+00:00" hostname="agent-env-6e414181-7233-452b-ab2e-279a9e87a22d"><testcase classname="tests.test_products_sales_supplies_refactoring.TestAuthentication" name="test_admin_login" time="0.296" /><testcase classname="tests.test_products_sales_supplies_refactoring.TestProductsHooks" name="test_get_products_useProducts_hook" time="0.315" /><testcase classname="tests.test_products_sales_supplies_refactoring.TestProductsHooks" name="test_create_product_useCreateProduct_hook" time="0.355" /><testcase classname="tests.test_products_sales_supplies_refactoring.TestProductsHooks" name="test_update_product_useUpdateProduct_hook" time="0.388" /><testcase classname="tests.test_products_sales_supplies_refactoring.TestProductsHooks" name="test_toggle_product_status_useToggleProductStatus_hook" time="0.377" /><testcase classname="tests.test_products_sales_supplies_refactoring.TestProductsHooks" name="test_delete_product_useDeleteProduct_hook" time="0.344" /><testcase classname="tests.test_products_sales_supplies_refactoring.TestCategoriesHooks" name="test_get_categories_useCategories_hook" time="0.297" /><testcase classname="tests.test_products_sales_supplies_refactoring.TestCategoriesHooks" name="test_create_category_useCreateCategory_hook" time="0.389" /><testcase classname="tests.test_products_sales_supplies_refactoring.TestCategoriesHooks" name="test_delete_category_useDeleteCategory_hook" time="0.340" /><testcase classname="tests.test_products_sales_supplies_refactoring.TestUnitsHooks" name="test_get_units_useUnits_hook" time="0.304" /><testcase classname="tests.test_products_sales_supplies_refactoring.TestUnitsHooks" name="test_create_unit_useCreateUnit_hook" time="0.379" /><testcase classname="tests.test_products_sales_supplies_refactoring.TestUnitsHooks" name="test_delete_unit_useDeleteUnit_hook" time="0.341" /><testcase classname="tests.test_products_sales_supplies_refactoring.TestSalesHooks" name="test_get_sales_useSales_hook" time="0.312" /><testcase classname="tests.test_products_sales_supplies_refactoring.TestSalesHooks" name="test_create_sale_useCreateSale_hook" time="0.353" /><testcase classname="tests.test_products_sales_supplies_refactoring.TestReturnsHooks" name="test_get_operations_history_useOperationsHistory_hook" time="0.368" /><testcase classname="tests.test_products_sales_supplies_refactoring.TestReturnsHooks" name="test_get_returns_useReturns_hook" time="0.297" /><testcase classname="tests.test_products_sales_supplies_refactoring.TestSuppliesHooks" name="test_get_supplies_useSupplies_hook" time="0.380" /><testcase classname="tests.test_products_sales_supplies_refactoring.TestSuppliesHooks" name="test_create_supply_useCreateSupply_hook" time="0.478" /><testcase classname="tests.test_products_sales_supplies_refactoring.TestSuppliesHooks" name="test_validate_supply_useValidateSupply_hook" time="0.481" /><testcase classname="tests.test_products_sales_supplies_refactoring.TestSuppliersHooks" name="test_get_suppliers_useSuppliers_hook" time="0.297" /><testcase classname="tests.test_products_sales_supplies_refactoring.TestSuppliersHooks" name="test_create_supplier_useCreateSupplier_hook" time="0.332" /><testcase classname="tests.test_products_sales_supplies_refactoring.TestCustomersHooks" name="test_get_customers_useCustomers_hook" time="0.298" /><testcase classname="tests.test_products_sales_supplies_refactoring.TestSettingsHooks" name="test_get_settings_useSettingsQuery_hook" time="0.296" /></testsuite></testsuites>