<?xml version="1.0" encoding="utf-8"?><testsuites name="pytest tests"><testsuite name="pytest" errors="0" failures="0" skipped="1" tests="11" time="3.328" timestamp="2026-01-26T09:56:54.942912+00:00" hostname="agent-env-c6da1b16-9b17-4f67-b4c9-5286281a511b"><testcase classname="tests.test_split_payments.TestSplitPayments" name="test_01_simple_cash_payment" time="0.337" /><testcase classname="tests.test_split_payments.TestSplitPayments" name="test_02_simple_orange_money_payment" time="0.320" /><testcase classname="tests.test_split_payments.TestSplitPayments" name="test_03_split_payment_orange_money_plus_cash" time="0.319" /><testcase classname="tests.test_split_payments.TestSplitPayments" name="test_04_split_payment_cash_plus_debt" time="0.279" /><testcase classname="tests.test_split_payments.TestSplitPayments" name="test_05_split_payment_mtn_plus_card" time="0.279" /><testcase classname="tests.test_split_payments.TestSplitPayments" name="test_06_debt_requires_customer" time="0.276" /><testcase classname="tests.test_split_payments.TestSplitPayments" name="test_07_debt_exceeds_credit_limit" time="0.270"><skipped type="pytest.skip" message="No customer with limited credit available for test">/app/backend/tests/test_split_payments.py:295: No customer with limited credit available for test</skipped></testcase><testcase classname="tests.test_split_payments.TestSplitPayments" name="test_08_verify_debt_created_in_debts_collection" time="0.325" /><testcase classname="tests.test_split_payments.TestSplitPayments" name="test_09_split_payments_in_sales_list" time="0.287" /><testcase classname="tests.test_split_payments.TestSplitPayments" name="test_10_sale_detail_with_split_payments" time="0.291" /><testcase classname="tests.test_split_payments.TestFullDebtPayment" name="test_11_full_debt_payment" time="0.274" /></testsuite></testsuites>