<?xml version="1.0" encoding="utf-8"?><testsuites name="pytest tests"><testsuite name="pytest" errors="0" failures="0" skipped="0" tests="24" time="2.781" timestamp="2026-01-21T02:34:36.104362+00:00" hostname="agent-env-6e414181-7233-452b-ab2e-279a9e87a22d"><testcase classname="tests.test_react_query_refactoring.TestCustomersAPI" name="test_get_customers_list" time="0.310" /><testcase classname="tests.test_react_query_refactoring.TestCustomersAPI" name="test_create_customer" time="0.051" /><testcase classname="tests.test_react_query_refactoring.TestCustomersAPI" name="test_get_customer_by_id" time="0.027" /><testcase classname="tests.test_react_query_refactoring.TestCustomersAPI" name="test_update_customer" time="0.061" /><testcase classname="tests.test_react_query_refactoring.TestCustomersAPI" name="test_delete_customer" time="0.068" /><testcase classname="tests.test_react_query_refactoring.TestSuppliersAPI" name="test_get_suppliers_list" time="0.050" /><testcase classname="tests.test_react_query_refactoring.TestSuppliersAPI" name="test_create_supplier" time="0.010" /><testcase classname="tests.test_react_query_refactoring.TestSuppliersAPI" name="test_get_supplier_by_id" time="0.017" /><testcase classname="tests.test_react_query_refactoring.TestSuppliersAPI" name="test_update_supplier" time="0.060" /><testcase classname="tests.test_react_query_refactoring.TestSuppliersAPI" name="test_toggle_supplier_status" time="0.059" /><testcase classname="tests.test_react_query_refactoring.TestSuppliersAPI" name="test_delete_supplier" time="0.059" /><testcase classname="tests.test_react_query_refactoring.TestUsersAPI" name="test_get_users_list" time="0.009" /><testcase classname="tests.test_react_query_refactoring.TestUsersAPI" name="test_create_user" time="0.277" /><testcase classname="tests.test_react_query_refactoring.TestUsersAPI" name="test_get_user_by_id" time="0.018" /><testcase classname="tests.test_react_query_refactoring.TestUsersAPI" name="test_update_user" time="0.242" /><testcase classname="tests.test_react_query_refactoring.TestUsersAPI" name="test_toggle_user_status" time="0.240" /><testcase classname="tests.test_react_query_refactoring.TestUsersAPI" name="test_reset_user_password" time="0.505" /><testcase classname="tests.test_react_query_refactoring.TestUsersAPI" name="test_delete_user" time="0.281" /><testcase classname="tests.test_react_query_refactoring.TestSettingsAPI" name="test_get_settings" time="0.008" /><testcase classname="tests.test_react_query_refactoring.TestSettingsAPI" name="test_update_settings" time="0.057" /><testcase classname="tests.test_react_query_refactoring.TestSettingsAPI" name="test_get_stock_valuation" time="0.020" /><testcase classname="tests.test_react_query_refactoring.TestCleanup" name="test_cleanup_test_customers" time="0.024" /><testcase classname="tests.test_react_query_refactoring.TestCleanup" name="test_cleanup_test_suppliers" time="0.118" /><testcase classname="tests.test_react_query_refactoring.TestCleanup" name="test_cleanup_test_users" time="0.123" /></testsuite></testsuites>