<?xml version="1.0" encoding="utf-8"?><testsuites name="pytest tests"><testsuite name="pytest" errors="0" failures="0" skipped="0" tests="6" time="2.289" timestamp="2026-01-21T08:59:50.410770+00:00" hostname="agent-env-2c9d291f-984c-4429-ada3-3c95093344f0"><testcase classname="tests.test_return_lot_priority.TestReturnLotPriority" name="test_return_lot_priority_scenario" time="0.695" /><testcase classname="tests.test_return_lot_priority.TestDeductStockLogicDirectly" name="test_verify_stock_service_code" time="0.261" /><testcase classname="tests.test_return_lot_priority.TestStockValuationMethods" name="test_get_current_valuation_method" time="0.267" /><testcase classname="tests.test_return_lot_priority_direct.TestReturnLotPriorityDirect" name="test_return_lot_consumed_before_normal_lot" time="0.295" /><testcase classname="tests.test_return_lot_priority_direct.TestReturnLotPriorityDirect" name="test_return_lot_priority_with_fefo" time="0.275" /><testcase classname="tests.test_return_lot_priority_direct.TestReturnLotPriorityDirect" name="test_multiple_return_lots_fifo_order" time="0.376" /></testsuite></testsuites>