<?xml version="1.0" encoding="utf-8"?><testsuites name="pytest tests"><testsuite name="pytest" errors="0" failures="0" skipped="0" tests="15" time="1.617" timestamp="2026-02-01T09:50:22.047453+00:00" hostname="agent-env-1e7396ec-19bf-4ed5-a471-604cf686bb49"><testcase classname="backend.tests.test_shift_schedules.TestShiftSchedulesAccess" name="test_calendar_view_admin_access" time="0.357" /><testcase classname="backend.tests.test_shift_schedules.TestShiftSchedulesAccess" name="test_calendar_view_caissier_denied" time="0.295" /><testcase classname="backend.tests.test_shift_schedules.TestShiftSchedulesAccess" name="test_calendar_view_pharmacien_denied" time="0.292" /><testcase classname="backend.tests.test_shift_schedules.TestShiftSchedulesAccess" name="test_week_view_admin_access" time="0.039" /><testcase classname="backend.tests.test_shift_schedules.TestShiftSchedulesAccess" name="test_week_view_caissier_denied" time="0.032" /><testcase classname="backend.tests.test_shift_schedules.TestShiftEligibility" name="test_admin_always_eligible" time="0.034" /><testcase classname="backend.tests.test_shift_schedules.TestShiftEligibility" name="test_caissier_eligible_when_scheduled" time="0.035" /><testcase classname="backend.tests.test_shift_schedules.TestShiftEligibility" name="test_pharmacien_not_eligible_when_not_scheduled" time="0.033" /><testcase classname="backend.tests.test_shift_schedules.TestShiftScheduleCRUD" name="test_create_schedule_admin_only" time="0.145" /><testcase classname="backend.tests.test_shift_schedules.TestShiftScheduleCRUD" name="test_cannot_schedule_admin_user" time="0.067" /><testcase classname="backend.tests.test_shift_schedules.TestShiftScheduleCRUD" name="test_duplicate_schedule_rejected" time="0.072" /><testcase classname="backend.tests.test_shift_schedules.TestMySchedule" name="test_caissier_can_see_own_schedule" time="0.040" /><testcase classname="backend.tests.test_shift_schedules.TestMySchedule" name="test_pharmacien_no_schedule" time="0.039" /><testcase classname="backend.tests.test_shift_schedules.TestCalendarData" name="test_calendar_returns_users_list" time="0.037" /><testcase classname="backend.tests.test_shift_schedules.TestCalendarData" name="test_calendar_schedules_grouped_by_date" time="0.032" /></testsuite></testsuites>