<?xml version="1.0" encoding="utf-8"?><testsuites name="pytest tests"><testsuite name="pytest" errors="0" failures="0" skipped="0" tests="14" time="5.321" timestamp="2026-01-27T00:58:42.213802+00:00" hostname="agent-env-c6da1b16-9b17-4f67-b4c9-5286281a511b"><testcase classname="backend.tests.test_shifts.TestShiftManagement" name="test_01_get_current_shift_none" time="0.402" /><testcase classname="backend.tests.test_shifts.TestShiftManagement" name="test_02_open_shift" time="0.344" /><testcase classname="backend.tests.test_shifts.TestShiftManagement" name="test_03_cannot_open_second_shift" time="0.414" /><testcase classname="backend.tests.test_shifts.TestShiftManagement" name="test_04_sales_blocked_without_shift" time="0.335" /><testcase classname="backend.tests.test_shifts.TestShiftManagement" name="test_05_sales_allowed_with_shift" time="0.429" /><testcase classname="backend.tests.test_shifts.TestShiftManagement" name="test_06_calculate_expected_closing" time="0.460" /><testcase classname="backend.tests.test_shifts.TestShiftManagement" name="test_07_close_shift_no_discrepancy" time="0.317" /><testcase classname="backend.tests.test_shifts.TestShiftManagement" name="test_08_close_shift_with_shortage" time="0.390" /><testcase classname="backend.tests.test_shifts.TestShiftManagement" name="test_09_close_shift_with_surplus" time="0.352" /><testcase classname="backend.tests.test_shifts.TestShiftManagement" name="test_10_shift_history_admin" time="0.269" /><testcase classname="backend.tests.test_shifts.TestShiftManagement" name="test_11_shift_history_denied_non_admin" time="0.326" /><testcase classname="backend.tests.test_shifts.TestShiftManagement" name="test_12_shift_stats_admin" time="0.264" /><testcase classname="backend.tests.test_shifts.TestShiftManagement" name="test_13_mixed_payment_cash_calculation" time="0.539" /><testcase classname="backend.tests.test_shifts.TestShiftManagement" name="test_14_get_shift_details" time="0.358" /></testsuite></testsuites>