<?xml version="1.0" encoding="utf-8"?><testsuites name="pytest tests"><testsuite name="pytest" errors="0" failures="0" skipped="0" tests="13" time="4.600" timestamp="2026-01-15T05:30:25.418631+00:00" hostname="agent-env-b60df13f-8601-4e17-a5a3-9dea8f67c09d"><testcase classname="tests.test_product_refactoring.TestProductRefactoring" name="test_get_products_returns_enriched_data" time="0.298" /><testcase classname="tests.test_product_refactoring.TestProductRefactoring" name="test_create_product_without_price_stock" time="0.325" /><testcase classname="tests.test_product_refactoring.TestProductRefactoring" name="test_update_product_basic_info_only" time="0.415" /><testcase classname="tests.test_product_refactoring.TestProductRefactoring" name="test_get_product_lots_endpoint" time="0.330" /><testcase classname="tests.test_product_refactoring.TestProductRefactoring" name="test_supply_validation_creates_stock_lots" time="0.460" /><testcase classname="tests.test_product_refactoring.TestProductRefactoring" name="test_product_price_from_price_history" time="0.536" /><testcase classname="tests.test_product_refactoring.TestProductRefactoring" name="test_product_min_stock_default" time="0.324" /><testcase classname="tests.test_product_refactoring.TestProductRefactoring" name="test_update_product_min_stock" time="0.425" /><testcase classname="tests.test_product_refactoring.TestProductRefactoring" name="test_product_alerts_endpoint" time="0.275" /><testcase classname="tests.test_product_refactoring.TestProductFormValidation" name="test_create_product_ignores_price_stock_fields" time="0.296" /><testcase classname="tests.test_product_refactoring.TestPharmacienRole" name="test_pharmacien_can_create_product" time="0.287" /><testcase classname="tests.test_product_refactoring.TestPharmacienRole" name="test_pharmacien_can_update_product" time="0.293" /><testcase classname="tests.test_product_refactoring.TestPharmacienRole" name="test_pharmacien_can_view_product_lots" time="0.283" /></testsuite></testsuites>