<?xml version="1.0" encoding="utf-8"?><testsuites name="pytest tests"><testsuite name="pytest" errors="0" failures="0" skipped="0" tests="10" time="4.043" timestamp="2026-01-15T06:47:31.547944+00:00" hostname="agent-env-b60df13f-8601-4e17-a5a3-9dea8f67c09d"><testcase classname="tests.test_supply_new_fields.TestSupplyNewFields" name="test_get_supplies_returns_enriched_items" time="0.455" /><testcase classname="tests.test_supply_new_fields.TestSupplyNewFields" name="test_selling_price_calculation" time="0.421" /><testcase classname="tests.test_supply_new_fields.TestSupplyNewFields" name="test_create_supply_with_new_fields" time="0.382" /><testcase classname="tests.test_supply_new_fields.TestSupplyNewFields" name="test_create_supply_without_optional_fields" time="0.416" /><testcase classname="tests.test_supply_new_fields.TestSupplyNewFields" name="test_update_supply_with_new_fields" time="0.413" /><testcase classname="tests.test_supply_new_fields.TestSupplyNewFields" name="test_validate_supply_creates_stock_lot_with_new_fields" time="0.459" /><testcase classname="tests.test_supply_new_fields.TestSupplyNewFields" name="test_get_single_supply_returns_enriched_items" time="0.464" /><testcase classname="tests.test_supply_new_fields.TestSupplyItemFields" name="test_tva_rate_accepts_decimal" time="0.329" /><testcase classname="tests.test_supply_new_fields.TestSupplyItemFields" name="test_lot_number_accepts_string" time="0.283" /><testcase classname="tests.test_supply_new_fields.TestSupplyItemFields" name="test_shelf_location_accepts_string" time="0.288" /></testsuite></testsuites>