<?xml version="1.0" encoding="utf-8"?><testsuites name="pytest tests"><testsuite name="pytest" errors="0" failures="0" skipped="0" tests="8" time="12.697" timestamp="2026-02-13T01:31:05.264196+00:00" hostname="agent-env-a0474f76-aa5c-4d21-86a1-a68ef78b5420"><testcase classname="backend.tests.test_automatic_discounts.TestAutomaticDiscounts" name="test_01_volume_discount_above_threshold" time="2.121" /><testcase classname="backend.tests.test_automatic_discounts.TestAutomaticDiscounts" name="test_02_volume_discount_below_threshold" time="1.361" /><testcase classname="backend.tests.test_automatic_discounts.TestAutomaticDiscounts" name="test_03_volume_discount_exact_threshold" time="1.355" /><testcase classname="backend.tests.test_automatic_discounts.TestAutomaticDiscounts" name="test_04_volume_discount_just_above_threshold" time="1.374" /><testcase classname="backend.tests.test_automatic_discounts.TestAutomaticDiscounts" name="test_05_loyalty_discount_requires_customer_with_20_purchases" time="1.348" /><testcase classname="backend.tests.test_automatic_discounts.TestAutomaticDiscounts" name="test_06_discount_rules_are_active" time="1.349" /><testcase classname="backend.tests.test_automatic_discounts.TestAutomaticDiscounts" name="test_07_response_structure" time="1.354" /><testcase classname="backend.tests.test_automatic_discounts.TestAutomaticDiscounts" name="test_08_create_sale_with_volume_discount_and_verify_debt_zero" time="2.365" /></testsuite></testsuites>