<?xml version="1.0" encoding="utf-8"?><testsuites name="pytest tests"><testsuite name="pytest" errors="0" failures="0" skipped="0" tests="8" time="2.863" timestamp="2026-01-15T06:07:22.957492+00:00" hostname="agent-env-b60df13f-8601-4e17-a5a3-9dea8f67c09d"><testcase classname="tests.test_category_min_stock.TestCategoryMinStock" name="test_get_categories_returns_min_stock_field" time="0.309" /><testcase classname="tests.test_category_min_stock.TestCategoryMinStock" name="test_create_category_with_min_stock" time="0.335" /><testcase classname="tests.test_category_min_stock.TestCategoryMinStock" name="test_create_category_without_min_stock" time="0.332" /><testcase classname="tests.test_category_min_stock.TestCategoryMinStock" name="test_update_category_min_stock" time="0.430" /><testcase classname="tests.test_category_min_stock.TestCategoryMinStock" name="test_update_category_remove_min_stock" time="0.332" /><testcase classname="tests.test_category_min_stock.TestCategoryMinStock" name="test_existing_antibiotiques_category_has_min_stock" time="0.267" /><testcase classname="tests.test_category_min_stock.TestProductMinStockPriority" name="test_product_uses_category_min_stock" time="0.428" /><testcase classname="tests.test_category_min_stock.TestProductMinStockPriority" name="test_product_uses_global_when_category_has_no_min_stock" time="0.362" /></testsuite></testsuites>