<?xml version="1.0" encoding="utf-8"?><testsuites name="pytest tests"><testsuite name="pytest" errors="0" failures="0" skipped="0" tests="5" time="2.113" timestamp="2026-02-01T09:13:43.994228+00:00" hostname="agent-env-1e7396ec-19bf-4ed5-a471-604cf686bb49"><testcase classname="tests.test_pending_sales.TestPendingSalesBugFixes" name="test_create_pending_sale_has_employee_code" time="0.458" /><testcase classname="tests.test_pending_sales.TestPendingSalesBugFixes" name="test_create_pending_sale_has_correct_total" time="0.458" /><testcase classname="tests.test_pending_sales.TestPendingSalesBugFixes" name="test_pending_sales_list_shows_correct_data" time="0.334" /><testcase classname="tests.test_pending_sales.TestPendingSalesBugFixes" name="test_pending_sales_count_endpoint" time="0.336" /><testcase classname="tests.test_pending_sales.TestPendingSalesBugFixes" name="test_cancel_pending_sale" time="0.431" /></testsuite></testsuites>