<?xml version="1.0" encoding="utf-8"?><testsuites name="pytest tests"><testsuite name="pytest" errors="0" failures="0" skipped="0" tests="10" time="8.525" timestamp="2026-02-13T01:51:45.973439+00:00" hostname="agent-env-a0474f76-aa5c-4d21-86a1-a68ef78b5420"><testcase classname="backend.tests.test_discount_dashboard.TestDiscountRulesAPI" name="test_discount_rules_exist" time="1.472" /><testcase classname="backend.tests.test_discount_dashboard.TestDiscountRulesAPI" name="test_volume_discount_rule" time="0.765" /><testcase classname="backend.tests.test_discount_dashboard.TestDiscountRulesAPI" name="test_loyalty_discount_rule" time="0.757" /><testcase classname="backend.tests.test_discount_dashboard.TestDiscountRulesAPI" name="test_expiration_discount_rule" time="0.761" /><testcase classname="backend.tests.test_discount_dashboard.TestSalesByPaymentDiscountInfo" name="test_today_sales_by_payment_endpoint" time="0.802" /><testcase classname="backend.tests.test_discount_dashboard.TestSalesByPaymentDiscountInfo" name="test_response_has_discount_info" time="0.810" /><testcase classname="backend.tests.test_discount_dashboard.TestSalesByPaymentDiscountInfo" name="test_discount_info_structure" time="0.769" /><testcase classname="backend.tests.test_discount_dashboard.TestSalesByPaymentDiscountInfo" name="test_discount_info_values_non_negative" time="0.796" /><testcase classname="backend.tests.test_discount_dashboard.TestSalesByPaymentDiscountInfo" name="test_full_response_structure" time="0.757" /><testcase classname="backend.tests.test_discount_dashboard.TestSalesByPaymentDiscountInfo" name="test_date_parameter" time="0.762" /></testsuite></testsuites>