<?xml version="1.0" encoding="utf-8"?><testsuites name="pytest tests"><testsuite name="pytest" errors="0" failures="0" skipped="2" tests="9" time="9.655" timestamp="2026-02-13T02:35:51.549477+00:00" hostname="agent-env-a0474f76-aa5c-4d21-86a1-a68ef78b5420"><testcase classname="backend.tests.test_discount_split_payment_bug.TestDiscountCalculation" name="test_volume_discount_rule_exists" time="0.851" /><testcase classname="backend.tests.test_discount_split_payment_bug.TestDiscountCalculation" name="test_discount_calculation_17000_x_3" time="0.372" /><testcase classname="backend.tests.test_discount_split_payment_bug.TestDiscountCalculation" name="test_discount_calculation_51000" time="0.406" /><testcase classname="backend.tests.test_discount_split_payment_bug.TestDiscountCalculation" name="test_discount_calculation_round_cases" time="1.847" /><testcase classname="backend.tests.test_discount_split_payment_bug.TestSplitPaymentValidation" name="test_split_payment_exact_match_succeeds" time="1.700" /><testcase classname="backend.tests.test_discount_split_payment_bug.TestSplitPaymentValidation" name="test_split_payment_mismatch_creates_debt_or_error" time="0.911"><skipped type="pytest.skip" message="No customer with credit limit available for debt test">/app/backend/tests/test_discount_split_payment_bug.py:233: No customer with credit limit available for debt test</skipped></testcase><testcase classname="backend.tests.test_discount_split_payment_bug.TestSplitPaymentValidation" name="test_split_payment_with_debt_method_succeeds" time="0.908"><skipped type="pytest.skip" message="No customer with credit limit available">/app/backend/tests/test_discount_split_payment_bug.py:291: No customer with credit limit available</skipped></testcase><testcase classname="backend.tests.test_discount_split_payment_bug.TestSplitPaymentValidation" name="test_split_payment_no_customer_rejects_debt" time="0.738" /><testcase classname="backend.tests.test_discount_split_payment_bug.TestSaleWithVolumeDiscount" name="test_sale_with_volume_discount_no_debt" time="1.869" /></testsuite></testsuites>