<?xml version="1.0" encoding="utf-8"?><testsuites name="pytest tests"><testsuite name="pytest" errors="0" failures="0" skipped="0" tests="15" time="1.715" timestamp="2026-02-01T10:20:36.073379+00:00" hostname="agent-env-1e7396ec-19bf-4ed5-a471-604cf686bb49"><testcase classname="backend.tests.test_shift_schedules.TestShiftSchedulesAccess" name="test_calendar_view_admin_access" time="0.349" /><testcase classname="backend.tests.test_shift_schedules.TestShiftSchedulesAccess" name="test_calendar_view_caissier_denied" time="0.296" /><testcase classname="backend.tests.test_shift_schedules.TestShiftSchedulesAccess" name="test_calendar_view_pharmacien_denied" time="0.338" /><testcase classname="backend.tests.test_shift_schedules.TestShiftSchedulesAccess" name="test_week_view_admin_access" time="0.039" /><testcase classname="backend.tests.test_shift_schedules.TestShiftSchedulesAccess" name="test_week_view_caissier_denied" time="0.040" /><testcase classname="backend.tests.test_shift_schedules.TestShiftEligibility" name="test_admin_always_eligible" time="0.036" /><testcase classname="backend.tests.test_shift_schedules.TestShiftEligibility" name="test_caissier_eligible_when_scheduled" time="0.036" /><testcase classname="backend.tests.test_shift_schedules.TestShiftEligibility" name="test_pharmacien_not_eligible_before_scheduled_hours" time="0.036" /><testcase classname="backend.tests.test_shift_schedules.TestShiftScheduleCRUD" name="test_create_schedule_admin_only" time="0.181" /><testcase classname="backend.tests.test_shift_schedules.TestShiftScheduleCRUD" name="test_cannot_schedule_admin_user" time="0.077" /><testcase classname="backend.tests.test_shift_schedules.TestShiftScheduleCRUD" name="test_duplicate_schedule_rejected" time="0.078" /><testcase classname="backend.tests.test_shift_schedules.TestMySchedule" name="test_caissier_can_see_own_schedule" time="0.035" /><testcase classname="backend.tests.test_shift_schedules.TestMySchedule" name="test_pharmacien_has_schedule" time="0.036" /><testcase classname="backend.tests.test_shift_schedules.TestCalendarData" name="test_calendar_returns_users_list" time="0.043" /><testcase classname="backend.tests.test_shift_schedules.TestCalendarData" name="test_calendar_schedules_grouped_by_date" time="0.041" /></testsuite></testsuites>