<?xml version="1.0" encoding="utf-8"?><testsuites name="pytest tests"><testsuite name="pytest" errors="0" failures="0" skipped="0" tests="11" time="3.628" timestamp="2026-01-24T18:51:26.769291+00:00" hostname="agent-env-2fb3ea20-e4ae-4f54-88e6-6ec29fcdc7cb"><testcase classname="backend.tests.test_payment_methods.TestPaymentMethodsAPI" name="test_get_all_payment_methods" time="0.376" /><testcase classname="backend.tests.test_payment_methods.TestPaymentMethodsAPI" name="test_get_active_payment_methods" time="0.308" /><testcase classname="backend.tests.test_payment_methods.TestPaymentMethodsAPI" name="test_cash_method_has_no_required_fields" time="0.304" /><testcase classname="backend.tests.test_payment_methods.TestPaymentMethodsAPI" name="test_orange_money_has_correct_required_fields" time="0.312" /><testcase classname="backend.tests.test_payment_methods.TestPaymentMethodsAPI" name="test_card_method_has_correct_required_fields" time="0.304" /><testcase classname="backend.tests.test_payment_methods.TestPaymentMethodsAPI" name="test_check_method_has_correct_required_fields" time="0.310" /><testcase classname="backend.tests.test_payment_methods.TestPaymentMethodsAPI" name="test_mtn_money_has_correct_required_fields" time="0.305" /><testcase classname="backend.tests.test_payment_methods.TestPaymentMethodsAPI" name="test_payment_methods_sorted_by_display_order" time="0.307" /><testcase classname="backend.tests.test_payment_methods.TestPaymentMethodsAPI" name="test_each_method_has_required_structure" time="0.299" /><testcase classname="backend.tests.test_payment_methods.TestSaleWithPaymentMethod" name="test_create_sale_with_cash_payment" time="0.349" /><testcase classname="backend.tests.test_payment_methods.TestSaleWithPaymentMethod" name="test_create_sale_with_orange_money_payment" time="0.343" /></testsuite></testsuites>