<?xml version="1.0" encoding="utf-8"?><testsuites name="pytest tests"><testsuite name="pytest" errors="0" failures="0" skipped="0" tests="9" time="3.476" timestamp="2026-01-15T05:03:56.017299+00:00" hostname="agent-env-b60df13f-8601-4e17-a5a3-9dea8f67c09d"><testcase classname="tests.test_user_toggle_status.TestUserToggleStatus" name="test_admin_login_success" time="0.296" /><testcase classname="tests.test_user_toggle_status.TestUserToggleStatus" name="test_get_users_list" time="0.269" /><testcase classname="tests.test_user_toggle_status.TestUserToggleStatus" name="test_toggle_status_deactivate_user" time="0.335" /><testcase classname="tests.test_user_toggle_status.TestUserToggleStatus" name="test_admin_cannot_deactivate_self" time="0.278" /><testcase classname="tests.test_user_toggle_status.TestUserToggleStatus" name="test_deactivated_user_cannot_login" time="0.830" /><testcase classname="tests.test_user_toggle_status.TestUserToggleStatus" name="test_toggle_status_requires_admin" time="0.509" /><testcase classname="tests.test_user_toggle_status.TestUserToggleStatus" name="test_toggle_nonexistent_user" time="0.270" /><testcase classname="tests.test_user_toggle_status.TestUserToggleStatus" name="test_user_response_includes_is_active" time="0.274" /><testcase classname="tests.test_user_toggle_status.TestUserToggleStatus" name="test_get_single_user_includes_is_active" time="0.310" /></testsuite></testsuites>