<?xml version="1.0" encoding="utf-8"?><testsuites name="pytest tests"><testsuite name="pytest" errors="0" failures="0" skipped="0" tests="12" time="5.051" timestamp="2026-01-28T04:41:57.034938+00:00" hostname="agent-env-7eb7a053-ac49-48a0-baa1-b258215082e3"><testcase classname="backend.tests.test_shift_requirement.TestShiftRequirement" name="test_caissier_without_shift_cannot_create_sale" time="0.686" /><testcase classname="backend.tests.test_shift_requirement.TestShiftRequirement" name="test_caissier_with_shift_can_create_sale" time="0.608" /><testcase classname="backend.tests.test_shift_requirement.TestShiftRequirement" name="test_admin_without_shift_can_create_sale" time="0.395" /><testcase classname="backend.tests.test_shift_requirement.TestShiftRequirement" name="test_pharmacien_without_shift_cannot_declare_loss" time="0.336" /><testcase classname="backend.tests.test_shift_requirement.TestShiftRequirement" name="test_pharmacien_with_shift_can_declare_loss" time="0.360" /><testcase classname="backend.tests.test_shift_requirement.TestShiftRequirement" name="test_admin_without_shift_can_declare_loss" time="0.350" /><testcase classname="backend.tests.test_shift_requirement.TestShiftRequirement" name="test_pharmacien_without_shift_cannot_create_supply" time="0.329" /><testcase classname="backend.tests.test_shift_requirement.TestShiftRequirement" name="test_admin_without_shift_can_create_supply" time="0.397" /><testcase classname="backend.tests.test_shift_requirement.TestShiftRequirement" name="test_caissier_without_shift_cannot_create_debt_payment" time="0.397" /><testcase classname="backend.tests.test_shift_requirement.TestShiftRequirement" name="test_admin_without_shift_can_create_debt_payment" time="0.384" /><testcase classname="backend.tests.test_shift_requirement.TestShiftRequirement" name="test_caissier_without_shift_cannot_create_return" time="0.392" /><testcase classname="backend.tests.test_shift_requirement.TestShiftRequirement" name="test_admin_without_shift_can_create_return" time="0.356" /></testsuite></testsuites>