<?xml version="1.0" encoding="utf-8"?><testsuites name="pytest tests"><testsuite name="pytest" errors="0" failures="0" skipped="0" tests="5" time="10.280" timestamp="2026-02-13T01:17:08.515840+00:00" hostname="agent-env-a0474f76-aa5c-4d21-86a1-a68ef78b5420"><testcase classname="tests.test_discount_debt_bug_complete.TestDiscountDebtBugComplete" name="test_01_sale_with_manual_discount_no_debt" time="3.521" /><testcase classname="tests.test_discount_debt_bug_complete.TestDiscountDebtBugComplete" name="test_02_sale_with_product_discount_no_debt" time="1.716" /><testcase classname="tests.test_discount_debt_bug_complete.TestDiscountDebtBugComplete" name="test_03_sale_with_percent_discount_no_debt" time="1.712" /><testcase classname="tests.test_discount_debt_bug_complete.TestDiscountDebtBugComplete" name="test_04_sale_without_discount_normal" time="1.562" /><testcase classname="tests.test_discount_debt_bug_complete.TestDiscountDebtBugComplete" name="test_05_sale_with_combined_discounts_no_debt" time="1.713" /></testsuite></testsuites>