<?xml version="1.0" encoding="utf-8"?><testsuites name="pytest tests"><testsuite name="pytest" errors="0" failures="0" skipped="0" tests="7" time="30.701" timestamp="2026-02-09T08:00:41.100022+00:00" hostname="agent-env-7cc205a7-60af-430b-81aa-76dd673392f1"><testcase classname="backend.tests.test_tva_persistence.TestTVAPersistence" name="test_scenario1_tva_0_to_18_persists" time="4.095" /><testcase classname="backend.tests.test_tva_persistence.TestTVAPersistence" name="test_scenario2_tva_18_to_0_persists" time="3.106" /><testcase classname="backend.tests.test_tva_persistence.TestTVAPersistence" name="test_scenario3_tva_18_unchanged_persists" time="3.119" /><testcase classname="backend.tests.test_tva_persistence.TestTVAPersistence" name="test_scenario4_other_fields_persist" time="3.150" /><testcase classname="backend.tests.test_tva_persistence.TestTVAPersistence" name="test_tva_various_values" time="13.631" /><testcase classname="backend.tests.test_tva_persistence.TestTVAAliasHandling" name="test_tva_rate_field_accepted" time="1.753" /><testcase classname="backend.tests.test_tva_persistence.TestTVAAliasHandling" name="test_response_contains_tva_aliases" time="1.722" /></testsuite></testsuites>