<?xml version="1.0" encoding="utf-8"?><testsuites name="pytest tests"><testsuite name="pytest" errors="0" failures="0" skipped="0" tests="19" time="17.694" timestamp="2026-02-02T09:08:19.109498+00:00" hostname="agent-env-f547fff1-33db-4e90-af1e-5f879349f08e"><testcase classname="backend.tests.test_pharmaflow_comprehensive.TestAuthentication" name="test_login_success" time="1.169" /><testcase classname="backend.tests.test_pharmaflow_comprehensive.TestAuthentication" name="test_login_invalid_credentials" time="0.211" /><testcase classname="backend.tests.test_pharmaflow_comprehensive.TestDashboard" name="test_reports_dashboard" time="0.952" /><testcase classname="backend.tests.test_pharmaflow_comprehensive.TestProducts" name="test_get_products" time="0.561" /><testcase classname="backend.tests.test_pharmaflow_comprehensive.TestProducts" name="test_products_have_stock" time="0.560" /><testcase classname="backend.tests.test_pharmaflow_comprehensive.TestCustomers" name="test_get_customers" time="0.384" /><testcase classname="backend.tests.test_pharmaflow_comprehensive.TestCustomers" name="test_customer_has_max_debt_limit" time="0.430" /><testcase classname="backend.tests.test_pharmaflow_comprehensive.TestCustomers" name="test_update_customer_max_debt_limit" time="1.632" /><testcase classname="backend.tests.test_pharmaflow_comprehensive.TestSales" name="test_get_sales" time="1.475" /><testcase classname="backend.tests.test_pharmaflow_comprehensive.TestSales" name="test_create_simple_sale" time="1.770" /><testcase classname="backend.tests.test_pharmaflow_comprehensive.TestSupplies" name="test_get_supplies" time="2.297" /><testcase classname="backend.tests.test_pharmaflow_comprehensive.TestSupplies" name="test_get_validated_supplies" time="1.875" /><testcase classname="backend.tests.test_pharmaflow_comprehensive.TestDebts" name="test_get_debts_dashboard" time="0.467" /><testcase classname="backend.tests.test_pharmaflow_comprehensive.TestDebts" name="test_get_debts_list" time="0.389" /><testcase classname="backend.tests.test_pharmaflow_comprehensive.TestDebts" name="test_get_customers_debt_summary" time="1.177" /><testcase classname="backend.tests.test_pharmaflow_comprehensive.TestDebts" name="test_get_payments_history" time="0.727" /><testcase classname="backend.tests.test_pharmaflow_comprehensive.TestPrescriptions" name="test_get_prescriptions" time="0.713" /><testcase classname="backend.tests.test_pharmaflow_comprehensive.TestSuppliers" name="test_get_suppliers" time="0.395" /><testcase classname="backend.tests.test_pharmaflow_comprehensive.TestShifts" name="test_get_current_shift" time="0.380" /></testsuite></testsuites>