<?xml version="1.0" encoding="utf-8"?><testsuites name="pytest tests"><testsuite name="pytest" errors="0" failures="0" skipped="0" tests="18" time="5.519" timestamp="2026-01-15T05:56:13.983350+00:00" hostname="agent-env-b60df13f-8601-4e17-a5a3-9dea8f67c09d"><testcase classname="tests.test_stock_valuation.TestSettingsValuationMethods" name="test_get_settings_returns_default_min_stock" time="0.318" /><testcase classname="tests.test_stock_valuation.TestSettingsValuationMethods" name="test_get_settings_returns_stock_valuation_method" time="0.298" /><testcase classname="tests.test_stock_valuation.TestSettingsValuationMethods" name="test_update_settings_stock_valuation_method_fifo" time="0.298" /><testcase classname="tests.test_stock_valuation.TestSettingsValuationMethods" name="test_update_settings_stock_valuation_method_lifo" time="0.301" /><testcase classname="tests.test_stock_valuation.TestSettingsValuationMethods" name="test_update_settings_stock_valuation_method_fefo" time="0.291" /><testcase classname="tests.test_stock_valuation.TestSettingsValuationMethods" name="test_update_settings_stock_valuation_method_weighted_average" time="0.296" /><testcase classname="tests.test_stock_valuation.TestSettingsValuationMethods" name="test_update_settings_default_min_stock" time="0.328" /><testcase classname="tests.test_stock_valuation.TestCategoryMinStock" name="test_create_category_with_min_stock" time="0.330" /><testcase classname="tests.test_stock_valuation.TestCategoryMinStock" name="test_create_category_without_min_stock" time="0.374" /><testcase classname="tests.test_stock_valuation.TestCategoryMinStock" name="test_get_categories_includes_min_stock" time="0.298" /><testcase classname="tests.test_stock_valuation.TestProductMinStockPriority" name="test_products_have_min_stock_field" time="0.304" /><testcase classname="tests.test_stock_valuation.TestProductMinStockPriority" name="test_product_min_stock_uses_global_default" time="0.338" /><testcase classname="tests.test_stock_valuation.TestStockValuationCalculation" name="test_stock_valuation_endpoint_exists" time="0.305" /><testcase classname="tests.test_stock_valuation.TestStockValuationCalculation" name="test_valuation_method_changes_with_settings" time="0.420" /><testcase classname="tests.test_stock_valuation.TestStockValuationCalculation" name="test_products_have_price_and_expiration" time="0.298" /><testcase classname="tests.test_stock_valuation.TestDashboardWithNewFeatures" name="test_dashboard_returns_low_stock_count" time="0.326" /><testcase classname="tests.test_stock_valuation.TestDashboardWithNewFeatures" name="test_dashboard_returns_stock_valuation_method" time="0.307" /><testcase classname="tests.test_stock_valuation.TestPublicSettingsEndpoint" name="test_public_settings_returns_pharmacy_name" time="0.034" /></testsuite></testsuites>