<?xml version="1.0" encoding="utf-8"?><testsuites name="pytest tests"><testsuite name="pytest" errors="0" failures="0" skipped="0" tests="17" time="1.987" timestamp="2026-01-21T02:10:36.025012+00:00" hostname="agent-env-6e414181-7233-452b-ab2e-279a9e87a22d"><testcase classname="tests.test_return_stock_zero.TestReturnStockZeroBugFix" name="test_01_login_and_get_token" time="0.600" /><testcase classname="tests.test_return_stock_zero.TestReturnStockZeroBugFix" name="test_02_find_recent_sale_with_items" time="0.063" /><testcase classname="tests.test_return_stock_zero.TestReturnStockZeroBugFix" name="test_03_get_product_initial_state" time="0.042" /><testcase classname="tests.test_return_stock_zero.TestReturnStockZeroBugFix" name="test_04_delete_all_lots_for_product" time="0.042" /><testcase classname="tests.test_return_stock_zero.TestReturnStockZeroBugFix" name="test_05_set_product_stock_to_zero" time="0.044" /><testcase classname="tests.test_return_stock_zero.TestReturnStockZeroBugFix" name="test_06_verify_return_delay_settings" time="0.042" /><testcase classname="tests.test_return_stock_zero.TestReturnStockZeroBugFix" name="test_07_check_sale_return_eligibility" time="0.038" /><testcase classname="tests.test_return_stock_zero.TestReturnStockZeroBugFix" name="test_08_create_fresh_sale_if_needed" time="0.051" /><testcase classname="tests.test_return_stock_zero.TestReturnStockZeroBugFix" name="test_09_get_product_stock_before_return" time="0.040" /><testcase classname="tests.test_return_stock_zero.TestReturnStockZeroBugFix" name="test_10_create_return_on_product" time="0.080" /><testcase classname="tests.test_return_stock_zero.TestReturnStockZeroBugFix" name="test_11_verify_stock_updated_after_return" time="0.042" /><testcase classname="tests.test_return_stock_zero.TestReturnStockZeroBugFix" name="test_12_verify_return_lot_created" time="0.079" /><testcase classname="tests.test_return_stock_zero.TestReturnStockZeroBugFix" name="test_13_verify_return_in_returns_list" time="0.039" /><testcase classname="tests.test_return_stock_zero.TestReturnStockZeroBugFix" name="test_14_verify_operations_history" time="0.068" /><testcase classname="tests.test_return_stock_zero.TestReturnStockZeroBugFix" name="test_15_cleanup_test_data" time="0.040" /><testcase classname="tests.test_return_stock_zero.TestReturnWithNonExistentLot" name="test_01_get_sales_with_lots_used" time="0.312" /><testcase classname="tests.test_return_stock_zero.TestReturnWithNonExistentLot" name="test_02_verify_return_creates_lot_when_original_missing" time="0.248" /></testsuite></testsuites>