<?xml version="1.0" encoding="utf-8"?><testsuites name="pytest tests"><testsuite name="pytest" errors="0" failures="0" skipped="1" tests="17" time="70.182" timestamp="2026-01-28T01:56:20.452771+00:00" hostname="agent-env-7eb7a053-ac49-48a0-baa1-b258215082e3"><testcase classname="backend.tests.test_stock_losses.TestStockLossesAPI" name="test_get_loss_reasons" time="0.356" /><testcase classname="backend.tests.test_stock_losses.TestStockLossesAPI" name="test_declare_loss_as_admin" time="0.373" /><testcase classname="backend.tests.test_stock_losses.TestStockLossesAPI" name="test_declare_loss_as_pharmacien" time="0.345" /><testcase classname="backend.tests.test_stock_losses.TestStockLossesAPI" name="test_declare_loss_as_caissier" time="0.292"><skipped type="pytest.skip" message="No product with stock available">/app/backend/tests/test_stock_losses.py:136: No product with stock available</skipped></testcase><testcase classname="backend.tests.test_stock_losses.TestStockLossesAPI" name="test_declare_loss_invalid_reason" time="0.376" /><testcase classname="backend.tests.test_stock_losses.TestStockLossesAPI" name="test_declare_loss_exceeds_stock" time="0.338" /><testcase classname="backend.tests.test_stock_losses.TestStockLossesAPI" name="test_declare_loss_invalid_product" time="0.292" /><testcase classname="backend.tests.test_stock_losses.TestStockLossesAPI" name="test_get_pending_losses" time="0.299" /><testcase classname="backend.tests.test_stock_losses.TestStockLossesAPI" name="test_validate_loss_as_admin" time="0.363" /><testcase classname="backend.tests.test_stock_losses.TestStockLossesAPI" name="test_reject_loss_as_admin" time="0.409" /><testcase classname="backend.tests.test_stock_losses.TestStockLossesAPI" name="test_validate_loss_as_pharmacien_fails" time="0.640" /><testcase classname="backend.tests.test_stock_losses.TestStockLossesAPI" name="test_validate_loss_as_caissier_fails" time="0.633" /><testcase classname="backend.tests.test_stock_losses.TestStockLossesAPI" name="test_reject_without_reason_fails" time="64.106" /><testcase classname="backend.tests.test_stock_losses.TestStockLossesAPI" name="test_get_losses_stats" time="0.297" /><testcase classname="backend.tests.test_stock_losses.TestStockLossesAPI" name="test_get_losses_history" time="0.298" /><testcase classname="backend.tests.test_stock_losses.TestStockLossesAPI" name="test_get_losses_history_with_filters" time="0.307" /><testcase classname="backend.tests.test_stock_losses.TestStockLossesAPI" name="test_stock_decreases_after_validation" time="0.380" /></testsuite></testsuites>