<?xml version="1.0" encoding="utf-8"?><testsuites name="pytest tests"><testsuite name="pytest" errors="0" failures="0" skipped="0" tests="5" time="11.715" timestamp="2026-02-08T18:40:12.925129+00:00" hostname="agent-env-46fe9a36-8d32-44e2-b2e8-fb970196952c"><testcase classname="tests.test_split_payments_fix.TestSplitPaymentsFix" name="test_01_create_split_payment_sale" time="2.890" /><testcase classname="tests.test_split_payments_fix.TestSplitPaymentsFix" name="test_02_get_split_payment_sale_by_id" time="2.558" /><testcase classname="tests.test_split_payments_fix.TestSplitPaymentsFix" name="test_03_split_payments_in_paginated_list" time="1.848" /><testcase classname="tests.test_split_payments_fix.TestSplitPaymentsFix" name="test_04_simple_sale_still_works" time="2.503" /><testcase classname="tests.test_split_payments_fix.TestSplitPaymentsFix" name="test_05_verify_existing_split_payment_sale" time="1.855" /></testsuite></testsuites>