<?xml version="1.0" encoding="utf-8"?><testsuites name="pytest tests"><testsuite name="pytest" errors="0" failures="0" skipped="0" tests="12" time="61.238" timestamp="2026-01-27T01:46:28.959341+00:00" hostname="agent-env-c6da1b16-9b17-4f67-b4c9-5286281a511b"><testcase classname="backend.tests.test_shift_alerts.TestShiftAlerts" name="test_01_settings_has_default_shift_duration" time="38.525" /><testcase classname="backend.tests.test_shift_alerts.TestShiftAlerts" name="test_02_update_default_shift_duration" time="7.972" /><testcase classname="backend.tests.test_shift_alerts.TestShiftAlerts" name="test_03_open_shift_with_expected_end_time" time="0.767" /><testcase classname="backend.tests.test_shift_alerts.TestShiftAlerts" name="test_04_open_shift_without_end_time_uses_default" time="0.718" /><testcase classname="backend.tests.test_shift_alerts.TestShiftAlerts" name="test_05_mark_alert_30min" time="0.787" /><testcase classname="backend.tests.test_shift_alerts.TestShiftAlerts" name="test_06_mark_alert_5min" time="0.752" /><testcase classname="backend.tests.test_shift_alerts.TestShiftAlerts" name="test_07_mark_alert_end" time="7.922" /><testcase classname="backend.tests.test_shift_alerts.TestShiftAlerts" name="test_08_mark_alert_invalid_type" time="0.702" /><testcase classname="backend.tests.test_shift_alerts.TestShiftAlerts" name="test_09_mark_alert_no_shift_returns_404" time="0.708" /><testcase classname="backend.tests.test_shift_alerts.TestShiftAlerts" name="test_10_current_shift_includes_expected_end_time" time="0.712" /><testcase classname="backend.tests.test_shift_alerts.TestShiftAlerts" name="test_11_open_shift_with_iso_datetime" time="0.750" /><testcase classname="backend.tests.test_shift_alerts.TestShiftAlerts" name="test_12_all_alerts_can_be_marked_sequentially" time="0.858" /></testsuite></testsuites>