<?xml version="1.0" encoding="utf-8"?><testsuites name="pytest tests"><testsuite name="pytest" errors="0" failures="0" skipped="0" tests="8" time="1.202" timestamp="2026-01-27T21:58:05.190823+00:00" hostname="agent-env-c514cdec-718a-4179-9e77-011f5af2bd7d"><testcase classname="backend.tests.test_write_off.TestWriteOffPermissions" name="test_write_off_returns_403_for_cashier" time="0.700" /><testcase classname="backend.tests.test_write_off.TestWriteOffPermissions" name="test_write_off_returns_401_or_403_without_auth" time="0.041" /><testcase classname="backend.tests.test_write_off.TestWriteOffValidation" name="test_write_off_requires_reason" time="0.042" /><testcase classname="backend.tests.test_write_off.TestWriteOffValidation" name="test_write_off_returns_404_for_invalid_debt" time="0.045" /><testcase classname="backend.tests.test_write_off.TestWriteOffFunctionality" name="test_admin_can_write_off_debt" time="0.127" /><testcase classname="backend.tests.test_write_off.TestWriteOffFunctionality" name="test_write_off_creates_payment_history_entry" time="0.044" /><testcase classname="backend.tests.test_write_off.TestWriteOffFunctionality" name="test_cannot_write_off_already_abandoned_debt" time="0.088" /><testcase classname="backend.tests.test_write_off.TestDashboardWriteOffStats" name="test_dashboard_includes_write_off_stats" time="0.048" /></testsuite></testsuites>