<?xml version="1.0" encoding="utf-8"?><testsuites name="pytest tests"><testsuite name="pytest" errors="0" failures="0" skipped="1" tests="16" time="4.995" timestamp="2026-01-24T20:02:42.921595+00:00" hostname="agent-env-2fb3ea20-e4ae-4f54-88e6-6ec29fcdc7cb"><testcase classname="tests.test_debts.TestDebtAPIs" name="test_get_debt_dashboard" time="0.353" /><testcase classname="tests.test_debts.TestDebtAPIs" name="test_get_customers_debt_summary" time="0.275" /><testcase classname="tests.test_debts.TestDebtAPIs" name="test_get_customers_debt_summary_only_with_debt" time="0.276" /><testcase classname="tests.test_debts.TestDebtAPIs" name="test_get_customer_available_credit" time="0.338" /><testcase classname="tests.test_debts.TestDebtAPIs" name="test_get_available_credit_nonexistent_customer" time="0.271" /><testcase classname="tests.test_debts.TestDebtAPIs" name="test_create_debt_payment_no_debt" time="0.272" /><testcase classname="tests.test_debts.TestDebtAPIs" name="test_create_debt_payment_invalid_amount" time="0.270"><skipped type="pytest.skip" message="No pending debts found for testing">/app/backend/tests/test_debts.py:188: No pending debts found for testing</skipped></testcase><testcase classname="tests.test_debts.TestDebtAPIs" name="test_get_debts_list" time="0.274" /><testcase classname="tests.test_debts.TestDebtAPIs" name="test_get_debts_by_status" time="0.272" /><testcase classname="tests.test_debts.TestDebtAPIs" name="test_get_payments_history" time="0.280" /><testcase classname="tests.test_debts.TestSalesWithDebt" name="test_sale_with_debt_requires_customer" time="0.286" /><testcase classname="tests.test_debts.TestSalesWithDebt" name="test_sale_with_debt_requires_admin" time="0.597" /><testcase classname="tests.test_debts.TestSalesWithDebt" name="test_sale_with_debt_checks_credit_limit" time="0.290" /><testcase classname="tests.test_debts.TestPaymentMethods" name="test_debt_payment_method_exists" time="0.272" /><testcase classname="tests.test_debts.TestCustomerDebtFields" name="test_customer_has_debt_fields" time="0.274" /><testcase classname="tests.test_debts.TestCustomerDebtFields" name="test_update_customer_max_debt_limit" time="0.337" /></testsuite></testsuites>